# JRE version: Java(TM) SE Runtime Environment (24.0.1+9) (build 24.0.1+9-30)
# Java VM: Java HotSpot(TM) 64-Bit Server VM (24.0.1+9-30, mixed mode, emulated-client, sharing, tiered, compressed oops, compressed class ptrs, g1 gc, windows-amd64)
GC Precious Log:
 CardTable entry size: 512
 Card Set container configuration: InlinePtr #cards 4 size 8 Array Of Cards #cards 16 size 48 Howl #buckets 8 coarsen threshold 3686 Howl Bitmap #cards 512 size 80 coarsen threshold 460 Card regions per heap region 1 cards per card region 4096
 CPUs: 18 total, 18 available
 Memory: 15989M
 Large Page Support: Disabled
 NUMA Support: Disabled
 Compressed Oops: Enabled (Zero based)
 Heap Region Size: 2M
 Heap Min Capacity: 8M
 Heap Initial Capacity: 250M
 Heap Max Capacity: 3998M
 Pre-touch: Disabled
 Parallel Workers: 14
 Concurrent Workers: 4
 Concurrent Refinement Workers: 14
 Periodic GC: Disabled
Heap:
 garbage-first heap   total reserved 4093952K, committed 83968K, used 61171K [0x0000000706200000, 0x0000000800000000)
  region size 2048K, 11 young (22528K), 1 survivors (2048K)
 Metaspace       used 92263K, committed 93056K, reserved 1179648K
  class space    used 10536K, committed 10880K, reserved 1048576K
GC Heap History (20 events):
Event: 2.995 GC heap before
{Heap before GC invocations=10 (full 0):
 garbage-first heap   total reserved 4093952K, committed 69632K, used 56452K [0x0000000706200000, 0x0000000800000000)
  region size 2048K, 18 young (36864K), 3 survivors (6144K)
 Metaspace       used 50293K, committed 50752K, reserved 1114112K
  class space    used 5372K, committed 5568K, reserved 1048576K
}
Event: 2.998 GC heap after
{Heap after GC invocations=11 (full 0):
 garbage-first heap   total reserved 4093952K, committed 69632K, used 27474K [0x0000000706200000, 0x0000000800000000)
  region size 2048K, 3 young (6144K), 3 survivors (6144K)
 Metaspace       used 50293K, committed 50752K, reserved 1114112K
  class space    used 5372K, committed 5568K, reserved 1048576K
}
Event: 3.542 GC heap before
{Heap before GC invocations=11 (full 0):
 garbage-first heap   total reserved 4093952K, committed 69632K, used 45906K [0x0000000706200000, 0x0000000800000000)
  region size 2048K, 14 young (28672K), 3 survivors (6144K)
 Metaspace       used 57617K, committed 58048K, reserved 1114112K
  class space    used 6079K, committed 6272K, reserved 1048576K
}
Event: 3.546 GC heap after
{Heap after GC invocations=12 (full 0):
 garbage-first heap   total reserved 4093952K, committed 83968K, used 29136K [0x0000000706200000, 0x0000000800000000)
  region size 2048K, 2 young (4096K), 2 survivors (4096K)
 Metaspace       used 57617K, committed 58048K, reserved 1114112K
  class space    used 6079K, committed 6272K, reserved 1048576K
}
Event: 4.094 GC heap before
{Heap before GC invocations=13 (full 0):
 garbage-first heap   total reserved 4093952K, committed 83968K, used 68048K [0x0000000706200000, 0x0000000800000000)
  region size 2048K, 22 young (45056K), 2 survivors (4096K)
 Metaspace       used 65112K, committed 65600K, reserved 1114112K
  class space    used 6901K, committed 7104K, reserved 1048576K
}
Event: 4.097 GC heap after
{Heap after GC invocations=14 (full 0):
 garbage-first heap   total reserved 4093952K, committed 83968K, used 31574K [0x0000000706200000, 0x0000000800000000)
  region size 2048K, 3 young (6144K), 3 survivors (6144K)
 Metaspace       used 65112K, committed 65600K, reserved 1114112K
  class space    used 6901K, committed 7104K, reserved 1048576K
}
Event: 4.464 GC heap before
{Heap before GC invocations=14 (full 0):
 garbage-first heap   total reserved 4093952K, committed 83968K, used 70486K [0x0000000706200000, 0x0000000800000000)
  region size 2048K, 22 young (45056K), 3 survivors (6144K)
 Metaspace       used 69832K, committed 70464K, reserved 1114112K
  class space    used 7471K, committed 7744K, reserved 1048576K
}
Event: 4.468 GC heap after
{Heap after GC invocations=15 (full 0):
 garbage-first heap   total reserved 4093952K, committed 83968K, used 31920K [0x0000000706200000, 0x0000000800000000)
  region size 2048K, 2 young (4096K), 2 survivors (4096K)
 Metaspace       used 69832K, committed 70464K, reserved 1114112K
  class space    used 7471K, committed 7744K, reserved 1048576K
}
Event: 4.883 GC heap before
{Heap before GC invocations=15 (full 0):
 garbage-first heap   total reserved 4093952K, committed 83968K, used 72880K [0x0000000706200000, 0x0000000800000000)
  region size 2048K, 22 young (45056K), 2 survivors (4096K)
 Metaspace       used 75798K, committed 76352K, reserved 1179648K
  class space    used 8161K, committed 8384K, reserved 1048576K
}
Event: 4.887 GC heap after
{Heap after GC invocations=16 (full 0):
 garbage-first heap   total reserved 4093952K, committed 83968K, used 34871K [0x0000000706200000, 0x0000000800000000)
  region size 2048K, 2 young (4096K), 2 survivors (4096K)
 Metaspace       used 75798K, committed 76352K, reserved 1179648K
  class space    used 8161K, committed 8384K, reserved 1048576K
}
Event: 5.161 GC heap before
{Heap before GC invocations=16 (full 0):
 garbage-first heap   total reserved 4093952K, committed 83968K, used 71735K [0x0000000706200000, 0x0000000800000000)
  region size 2048K, 20 young (40960K), 2 survivors (4096K)
 Metaspace       used 78985K, committed 79616K, reserved 1179648K
  class space    used 8689K, committed 8960K, reserved 1048576K
}
Event: 5.164 GC heap after
{Heap after GC invocations=17 (full 0):
 garbage-first heap   total reserved 4093952K, committed 83968K, used 37090K [0x0000000706200000, 0x0000000800000000)
  region size 2048K, 3 young (6144K), 3 survivors (6144K)
 Metaspace       used 78985K, committed 79616K, reserved 1179648K
  class space    used 8689K, committed 8960K, reserved 1048576K
}
Event: 5.361 GC heap before
{Heap before GC invocations=18 (full 0):
 garbage-first heap   total reserved 4093952K, committed 83968K, used 67810K [0x0000000706200000, 0x0000000800000000)
  region size 2048K, 19 young (38912K), 3 survivors (6144K)
 Metaspace       used 81794K, committed 82432K, reserved 1179648K
  class space    used 9228K, committed 9472K, reserved 1048576K
}
Event: 5.364 GC heap after
{Heap after GC invocations=19 (full 0):
 garbage-first heap   total reserved 4093952K, committed 83968K, used 38792K [0x0000000706200000, 0x0000000800000000)
  region size 2048K, 2 young (4096K), 2 survivors (4096K)
 Metaspace       used 81794K, committed 82432K, reserved 1179648K
  class space    used 9228K, committed 9472K, reserved 1048576K
}
Event: 5.670 GC heap before
{Heap before GC invocations=19 (full 0):
 garbage-first heap   total reserved 4093952K, committed 83968K, used 71560K [0x0000000706200000, 0x0000000800000000)
  region size 2048K, 18 young (36864K), 2 survivors (4096K)
 Metaspace       used 84472K, committed 85120K, reserved 1179648K
  class space    used 9549K, committed 9792K, reserved 1048576K
}
Event: 5.675 GC heap after
{Heap after GC invocations=20 (full 0):
 garbage-first heap   total reserved 4093952K, committed 83968K, used 41303K [0x0000000706200000, 0x0000000800000000)
  region size 2048K, 3 young (6144K), 3 survivors (6144K)
 Metaspace       used 84472K, committed 85120K, reserved 1179648K
  class space    used 9549K, committed 9792K, reserved 1048576K
}
Event: 5.961 GC heap before
{Heap before GC invocations=20 (full 0):
 garbage-first heap   total reserved 4093952K, committed 83968K, used 67927K [0x0000000706200000, 0x0000000800000000)
  region size 2048K, 16 young (32768K), 3 survivors (6144K)
 Metaspace       used 87227K, committed 87936K, reserved 1179648K
  class space    used 9909K, committed 10176K, reserved 1048576K
}
Event: 5.964 GC heap after
{Heap after GC invocations=21 (full 0):
 garbage-first heap   total reserved 4093952K, committed 83968K, used 43446K [0x0000000706200000, 0x0000000800000000)
  region size 2048K, 2 young (4096K), 2 survivors (4096K)
 Metaspace       used 87227K, committed 87936K, reserved 1179648K
  class space    used 9909K, committed 10176K, reserved 1048576K
}
Event: 6.175 GC heap before
{Heap before GC invocations=22 (full 0):
 garbage-first heap   total reserved 4093952K, committed 83968K, used 70070K [0x0000000706200000, 0x0000000800000000)
  region size 2048K, 15 young (30720K), 2 survivors (4096K)
 Metaspace       used 90069K, committed 90816K, reserved 1179648K
  class space    used 10250K, committed 10560K, reserved 1048576K
}
Event: 6.180 GC heap after
{Heap after GC invocations=23 (full 0):
 garbage-first heap   total reserved 4093952K, committed 83968K, used 44787K [0x0000000706200000, 0x0000000800000000)
  region size 2048K, 1 young (2048K), 1 survivors (2048K)
 Metaspace       used 90069K, committed 90816K, reserved 1179648K
  class space    used 10250K, committed 10560K, reserved 1048576K
}

