# JRE version: Java(TM) SE Runtime Environment (24.0.1+9) (build 24.0.1+9-30)
# Java VM: Java HotSpot(TM) 64-Bit Server VM (24.0.1+9-30, mixed mode, emulated-client, sharing, tiered, compressed oops, compressed class ptrs, g1 gc, windows-amd64)
GC Precious Log:
 CardTable entry size: 512
 Card Set container configuration: InlinePtr #cards 4 size 8 Array Of Cards #cards 16 size 48 Howl #buckets 8 coarsen threshold 3686 Howl Bitmap #cards 512 size 80 coarsen threshold 460 Card regions per heap region 1 cards per card region 4096
 CPUs: 18 total, 18 available
 Memory: 15989M
 Large Page Support: Disabled
 NUMA Support: Disabled
 Compressed Oops: Enabled (Zero based)
 Heap Region Size: 2M
 Heap Min Capacity: 8M
 Heap Initial Capacity: 250M
 Heap Max Capacity: 3998M
 Pre-touch: Disabled
 Parallel Workers: 14
 Concurrent Workers: 4
 Concurrent Refinement Workers: 14
 Periodic GC: Disabled
Heap:
 garbage-first heap   total reserved 4093952K, committed 102400K, used 59454K [0x0000000706200000, 0x0000000800000000)
  region size 2048K, 8 young (16384K), 2 survivors (4096K)
 Metaspace       used 94522K, committed 95360K, reserved 1179648K
  class space    used 10823K, committed 11200K, reserved 1048576K
GC Heap History (20 events):
Event: 4.988 GC heap before
{Heap before GC invocations=16 (full 0):
 garbage-first heap   total reserved 4093952K, committed 83968K, used 68641K [0x0000000706200000, 0x0000000800000000)
  region size 2048K, 20 young (40960K), 3 survivors (6144K)
 Metaspace       used 71555K, committed 72128K, reserved 1114112K
  class space    used 7615K, committed 7872K, reserved 1048576K
}
Event: 4.992 GC heap after
{Heap after GC invocations=17 (full 0):
 garbage-first heap   total reserved 4093952K, committed 83968K, used 34488K [0x0000000706200000, 0x0000000800000000)
  region size 2048K, 1 young (2048K), 1 survivors (2048K)
 Metaspace       used 71555K, committed 72128K, reserved 1114112K
  class space    used 7615K, committed 7872K, reserved 1048576K
}
Event: 5.439 GC heap before
{Heap before GC invocations=17 (full 0):
 garbage-first heap   total reserved 4093952K, committed 83968K, used 75448K [0x0000000706200000, 0x0000000800000000)
  region size 2048K, 21 young (43008K), 1 survivors (2048K)
 Metaspace       used 76438K, committed 77056K, reserved 1179648K
  class space    used 8185K, committed 8448K, reserved 1048576K
}
Event: 5.443 GC heap after
{Heap after GC invocations=18 (full 0):
 garbage-first heap   total reserved 4093952K, committed 83968K, used 37899K [0x0000000706200000, 0x0000000800000000)
  region size 2048K, 3 young (6144K), 3 survivors (6144K)
 Metaspace       used 76438K, committed 77056K, reserved 1179648K
  class space    used 8185K, committed 8448K, reserved 1048576K
}
Event: 5.829 GC heap before
{Heap before GC invocations=19 (full 0):
 garbage-first heap   total reserved 4093952K, committed 83968K, used 70667K [0x0000000706200000, 0x0000000800000000)
  region size 2048K, 19 young (38912K), 3 survivors (6144K)
 Metaspace       used 80840K, committed 81472K, reserved 1179648K
  class space    used 9083K, committed 9344K, reserved 1048576K
}
Event: 5.834 GC heap after
{Heap after GC invocations=20 (full 0):
 garbage-first heap   total reserved 4093952K, committed 83968K, used 40454K [0x0000000706200000, 0x0000000800000000)
  region size 2048K, 3 young (6144K), 3 survivors (6144K)
 Metaspace       used 80840K, committed 81472K, reserved 1179648K
  class space    used 9083K, committed 9344K, reserved 1048576K
}
Event: 5.943 GC heap before
{Heap before GC invocations=20 (full 0):
 garbage-first heap   total reserved 4093952K, committed 83968K, used 69126K [0x0000000706200000, 0x0000000800000000)
  region size 2048K, 18 young (36864K), 3 survivors (6144K)
 Metaspace       used 82364K, committed 83008K, reserved 1179648K
  class space    used 9259K, committed 9536K, reserved 1048576K
}
Event: 5.949 GC heap after
{Heap after GC invocations=21 (full 0):
 garbage-first heap   total reserved 4093952K, committed 83968K, used 41348K [0x0000000706200000, 0x0000000800000000)
  region size 2048K, 3 young (6144K), 3 survivors (6144K)
 Metaspace       used 82364K, committed 83008K, reserved 1179648K
  class space    used 9259K, committed 9536K, reserved 1048576K
}
Event: 5.984 GC heap before
{Heap before GC invocations=21 (full 0):
 garbage-first heap   total reserved 4093952K, committed 83968K, used 67972K [0x0000000706200000, 0x0000000800000000)
  region size 2048K, 16 young (32768K), 3 survivors (6144K)
 Metaspace       used 82369K, committed 83008K, reserved 1179648K
  class space    used 9259K, committed 9536K, reserved 1048576K
}
Event: 5.988 GC heap after
{Heap after GC invocations=22 (full 0):
 garbage-first heap   total reserved 4093952K, committed 102400K, used 41317K [0x0000000706200000, 0x0000000800000000)
  region size 2048K, 1 young (2048K), 1 survivors (2048K)
 Metaspace       used 82369K, committed 83008K, reserved 1179648K
  class space    used 9259K, committed 9536K, reserved 1048576K
}
Event: 6.146 GC heap before
{Heap before GC invocations=23 (full 0):
 garbage-first heap   total reserved 4093952K, committed 102400K, used 90469K [0x0000000706200000, 0x0000000800000000)
  region size 2048K, 25 young (51200K), 1 survivors (2048K)
 Metaspace       used 82643K, committed 83264K, reserved 1179648K
  class space    used 9294K, committed 9536K, reserved 1048576K
}
Event: 6.149 GC heap after
{Heap after GC invocations=24 (full 0):
 garbage-first heap   total reserved 4093952K, committed 102400K, used 43062K [0x0000000706200000, 0x0000000800000000)
  region size 2048K, 2 young (4096K), 2 survivors (4096K)
 Metaspace       used 82643K, committed 83264K, reserved 1179648K
  class space    used 9294K, committed 9536K, reserved 1048576K
}
Event: 6.400 GC heap before
{Heap before GC invocations=24 (full 0):
 garbage-first heap   total reserved 4093952K, committed 102400K, used 90166K [0x0000000706200000, 0x0000000800000000)
  region size 2048K, 25 young (51200K), 2 survivors (4096K)
 Metaspace       used 83581K, committed 84224K, reserved 1179648K
  class space    used 9451K, committed 9728K, reserved 1048576K
}
Event: 6.408 GC heap after
{Heap after GC invocations=25 (full 0):
 garbage-first heap   total reserved 4093952K, committed 102400K, used 44511K [0x0000000706200000, 0x0000000800000000)
  region size 2048K, 3 young (6144K), 3 survivors (6144K)
 Metaspace       used 83581K, committed 84224K, reserved 1179648K
  class space    used 9451K, committed 9728K, reserved 1048576K
}
Event: 6.717 GC heap before
{Heap before GC invocations=25 (full 0):
 garbage-first heap   total reserved 4093952K, committed 102400K, used 87519K [0x0000000706200000, 0x0000000800000000)
  region size 2048K, 24 young (49152K), 3 survivors (6144K)
 Metaspace       used 85532K, committed 86208K, reserved 1179648K
  class space    used 9670K, committed 9920K, reserved 1048576K
}
Event: 6.722 GC heap after
{Heap after GC invocations=26 (full 0):
 garbage-first heap   total reserved 4093952K, committed 102400K, used 46023K [0x0000000706200000, 0x0000000800000000)
  region size 2048K, 3 young (6144K), 3 survivors (6144K)
 Metaspace       used 85532K, committed 86208K, reserved 1179648K
  class space    used 9670K, committed 9920K, reserved 1048576K
}
Event: 7.170 GC heap before
{Heap before GC invocations=27 (full 0):
 garbage-first heap   total reserved 4093952K, committed 102400K, used 86983K [0x0000000706200000, 0x0000000800000000)
  region size 2048K, 23 young (47104K), 3 survivors (6144K)
 Metaspace       used 89132K, committed 89856K, reserved 1179648K
  class space    used 10125K, committed 10432K, reserved 1048576K
}
Event: 7.176 GC heap after
{Heap after GC invocations=28 (full 0):
 garbage-first heap   total reserved 4093952K, committed 102400K, used 49397K [0x0000000706200000, 0x0000000800000000)
  region size 2048K, 3 young (6144K), 3 survivors (6144K)
 Metaspace       used 89132K, committed 89856K, reserved 1179648K
  class space    used 10125K, committed 10432K, reserved 1048576K
}
Event: 93.685 GC heap before
{Heap before GC invocations=28 (full 0):
 garbage-first heap   total reserved 4093952K, committed 102400K, used 86261K [0x0000000706200000, 0x0000000800000000)
  region size 2048K, 22 young (45056K), 3 survivors (6144K)
 Metaspace       used 94437K, committed 95232K, reserved 1179648K
  class space    used 10801K, committed 11136K, reserved 1048576K
}
Event: 93.698 GC heap after
{Heap after GC invocations=29 (full 0):
 garbage-first heap   total reserved 4093952K, committed 102400K, used 51262K [0x0000000706200000, 0x0000000800000000)
  region size 2048K, 2 young (4096K), 2 survivors (4096K)
 Metaspace       used 94437K, committed 95232K, reserved 1179648K
  class space    used 10801K, committed 11136K, reserved 1048576K
}

